<?xml version="1.0" encoding="UTF-8"?>
<!-- Generated by org.testng.reporters.JUnitReportReporter -->
<testsuite hostname="LAPTOP-1NBFCQEH" failures="0" tests="3" name="com.Epsondoms.ProductTest.MensProductTest" time="0.015" errors="0" timestamp="2024-10-28T15:43:30 IST" skipped="0">
  <testcase classname="com.Epsondoms.ProductTest.MensProductTest" name="updateProduct" time="0.002"/>
  <system-out/>
  <testcase classname="com.Epsondoms.ProductTest.MensProductTest" name="removeProduct" time="0.005"/>
  <system-out/>
  <testcase classname="com.Epsondoms.ProductTest.MensProductTest" name="addProduct" time="0.008"/>
  <system-out/>
</testsuite> <!-- com.Epsondoms.ProductTest.MensProductTest -->
